哈哈哈[DEBUG][20-09-23][org.apache.ibatis.logging.LogFactory]Logging initialized using 'class org.apache.ibatis.logging.log4j.Log4jImpl' adapter.
哈哈哈[DEBUG][20-09-23][org.apache.ibatis.logging.LogFactory]Logging initialized using 'class org.apache.ibatis.logging.log4j.Log4jImpl' adapter.
哈哈哈[DEBUG][20-09-23][org.apache.ibatis.datasource.pooled.PooledDataSource]PooledDataSource forcefully closed/removed all connections.
哈哈哈[DEBUG][20-09-23][org.apache.ibatis.datasource.pooled.PooledDataSource]PooledDataSource forcefully closed/removed all connections.
哈哈哈[DEBUG][20-09-23][org.apache.ibatis.datasource.pooled.PooledDataSource]PooledDataSource forcefully closed/removed all connections.
哈哈哈[DEBUG][20-09-23][org.apache.ibatis.datasource.pooled.PooledDataSource]PooledDataSource forcefully closed/removed all connections.
哈哈哈[DEBUG][20-09-23][org.apache.ibatis.transaction.jdbc.JdbcTransaction]Opening JDBC Connection
哈哈哈[DEBUG][20-09-23][org.apache.ibatis.datasource.pooled.PooledDataSource]Created connection 581318631.
哈哈哈[DEBUG][20-09-23][org.apache.ibatis.transaction.jdbc.JdbcTransaction]Setting autocommit to false on JDBC Connection [com.mysql.cj.jdbc.ConnectionImpl@22a637e7]
哈哈哈[DEBUG][20-09-23][cn.yoouu.mapper.UserMapper.getUserList]==>  Preparing: select * from mybatis.user;
哈哈哈[DEBUG][20-09-23][cn.yoouu.mapper.UserMapper.getUserList]==> Parameters:
哈哈哈[DEBUG][20-09-23][cn.yoouu.mapper.UserMapper.getUserList]<==      Total: 3
哈哈哈[DEBUG][20-09-23][org.apache.ibatis.transaction.jdbc.JdbcTransaction]Resetting autocommit to true on JDBC Connection [com.mysql.cj.jdbc.ConnectionImpl@22a637e7]
哈哈哈[DEBUG][20-09-23][org.apache.ibatis.transaction.jdbc.JdbcTransaction]Closing JDBC Connection [com.mysql.cj.jdbc.ConnectionImpl@22a637e7]
哈哈哈[DEBUG][20-09-23][org.apache.ibatis.datasource.pooled.PooledDataSource]Returned connection 581318631 to pool.
[DEBUG][20-09-23][org.apache.ibatis.logging.LogFactory]Logging initialized using 'class org.apache.ibatis.logging.log4j.Log4jImpl' adapter.
[DEBUG][20-09-23][org.apache.ibatis.logging.LogFactory]Logging initialized using 'class org.apache.ibatis.logging.log4j.Log4jImpl' adapter.
[DEBUG][20-09-23][org.apache.ibatis.datasource.pooled.PooledDataSource]PooledDataSource forcefully closed/removed all connections.
[DEBUG][20-09-23][org.apache.ibatis.datasource.pooled.PooledDataSource]PooledDataSource forcefully closed/removed all connections.
[DEBUG][20-09-23][org.apache.ibatis.datasource.pooled.PooledDataSource]PooledDataSource forcefully closed/removed all connections.
[DEBUG][20-09-23][org.apache.ibatis.datasource.pooled.PooledDataSource]PooledDataSource forcefully closed/removed all connections.
[DEBUG][20-09-23][org.apache.ibatis.transaction.jdbc.JdbcTransaction]Opening JDBC Connection
[DEBUG][20-09-23][org.apache.ibatis.datasource.pooled.PooledDataSource]Created connection 581318631.
[DEBUG][20-09-23][org.apache.ibatis.transaction.jdbc.JdbcTransaction]Setting autocommit to false on JDBC Connection [com.mysql.cj.jdbc.ConnectionImpl@22a637e7]
[DEBUG][20-09-23][cn.yoouu.mapper.UserMapper.getUserList]==>  Preparing: select * from mybatis.user;
[DEBUG][20-09-23][cn.yoouu.mapper.UserMapper.getUserList]==> Parameters:
[DEBUG][20-09-23][cn.yoouu.mapper.UserMapper.getUserList]<==      Total: 3
[DEBUG][20-09-23][org.apache.ibatis.transaction.jdbc.JdbcTransaction]Resetting autocommit to true on JDBC Connection [com.mysql.cj.jdbc.ConnectionImpl@22a637e7]
[DEBUG][20-09-23][org.apache.ibatis.transaction.jdbc.JdbcTransaction]Closing JDBC Connection [com.mysql.cj.jdbc.ConnectionImpl@22a637e7]
[DEBUG][20-09-23][org.apache.ibatis.datasource.pooled.PooledDataSource]Returned connection 581318631 to pool.
[DEBUG][20-09-23][org.apache.ibatis.logging.LogFactory]Logging initialized using 'class org.apache.ibatis.logging.log4j.Log4jImpl' adapter.
[DEBUG][20-09-23][org.apache.ibatis.logging.LogFactory]Logging initialized using 'class org.apache.ibatis.logging.log4j.Log4jImpl' adapter.
[DEBUG][20-09-23][org.apache.ibatis.datasource.pooled.PooledDataSource]PooledDataSource forcefully closed/removed all connections.
[DEBUG][20-09-23][org.apache.ibatis.datasource.pooled.PooledDataSource]PooledDataSource forcefully closed/removed all connections.
[DEBUG][20-09-23][org.apache.ibatis.datasource.pooled.PooledDataSource]PooledDataSource forcefully closed/removed all connections.
[DEBUG][20-09-23][org.apache.ibatis.datasource.pooled.PooledDataSource]PooledDataSource forcefully closed/removed all connections.
[DEBUG][20-09-23][org.apache.ibatis.transaction.jdbc.JdbcTransaction]Opening JDBC Connection
[DEBUG][20-09-23][org.apache.ibatis.datasource.pooled.PooledDataSource]Created connection 581318631.
[DEBUG][20-09-23][org.apache.ibatis.transaction.jdbc.JdbcTransaction]Setting autocommit to false on JDBC Connection [com.mysql.cj.jdbc.ConnectionImpl@22a637e7]
[DEBUG][20-09-23][cn.yoouu.mapper.UserMapper.getUserList]==>  Preparing: select * from mybatis.user;
[DEBUG][20-09-23][cn.yoouu.mapper.UserMapper.getUserList]==> Parameters:
[DEBUG][20-09-23][cn.yoouu.mapper.UserMapper.getUserList]<==      Total: 3
[DEBUG][20-09-23][org.apache.ibatis.transaction.jdbc.JdbcTransaction]Resetting autocommit to true on JDBC Connection [com.mysql.cj.jdbc.ConnectionImpl@22a637e7]
[DEBUG][20-09-23][org.apache.ibatis.transaction.jdbc.JdbcTransaction]Closing JDBC Connection [com.mysql.cj.jdbc.ConnectionImpl@22a637e7]
[DEBUG][20-09-23][org.apache.ibatis.datasource.pooled.PooledDataSource]Returned connection 581318631 to pool.
[DEBUG][20-09-23][org.apache.ibatis.logging.LogFactory]Logging initialized using 'class org.apache.ibatis.logging.log4j.Log4jImpl' adapter.
[DEBUG][20-09-23][org.apache.ibatis.logging.LogFactory]Logging initialized using 'class org.apache.ibatis.logging.log4j.Log4jImpl' adapter.
[DEBUG][20-09-23][org.apache.ibatis.datasource.pooled.PooledDataSource]PooledDataSource forcefully closed/removed all connections.
[DEBUG][20-09-23][org.apache.ibatis.datasource.pooled.PooledDataSource]PooledDataSource forcefully closed/removed all connections.
[DEBUG][20-09-23][org.apache.ibatis.datasource.pooled.PooledDataSource]PooledDataSource forcefully closed/removed all connections.
[DEBUG][20-09-23][org.apache.ibatis.datasource.pooled.PooledDataSource]PooledDataSource forcefully closed/removed all connections.
[DEBUG][20-09-23][org.apache.ibatis.transaction.jdbc.JdbcTransaction]Opening JDBC Connection
[DEBUG][20-09-23][org.apache.ibatis.datasource.pooled.PooledDataSource]Created connection 581318631.
[DEBUG][20-09-23][org.apache.ibatis.transaction.jdbc.JdbcTransaction]Setting autocommit to false on JDBC Connection [com.mysql.cj.jdbc.ConnectionImpl@22a637e7]
[DEBUG][20-09-23][cn.yoouu.mapper.UserMapper.getUserList]==>  Preparing: select * from mybatis.user;
[DEBUG][20-09-23][cn.yoouu.mapper.UserMapper.getUserList]==> Parameters:
[DEBUG][20-09-23][cn.yoouu.mapper.UserMapper.getUserList]<==      Total: 3
[DEBUG][20-09-23][org.apache.ibatis.transaction.jdbc.JdbcTransaction]Resetting autocommit to true on JDBC Connection [com.mysql.cj.jdbc.ConnectionImpl@22a637e7]
[DEBUG][20-09-23][org.apache.ibatis.transaction.jdbc.JdbcTransaction]Closing JDBC Connection [com.mysql.cj.jdbc.ConnectionImpl@22a637e7]
[DEBUG][20-09-23][org.apache.ibatis.datasource.pooled.PooledDataSource]Returned connection 581318631 to pool.
[DEBUG][20-09-23][org.apache.ibatis.logging.LogFactory]Logging initialized using 'class org.apache.ibatis.logging.log4j.Log4jImpl' adapter.
[DEBUG][20-09-23][org.apache.ibatis.logging.LogFactory]Logging initialized using 'class org.apache.ibatis.logging.log4j.Log4jImpl' adapter.
[DEBUG][20-09-23][org.apache.ibatis.datasource.pooled.PooledDataSource]PooledDataSource forcefully closed/removed all connections.
[DEBUG][20-09-23][org.apache.ibatis.datasource.pooled.PooledDataSource]PooledDataSource forcefully closed/removed all connections.
[DEBUG][20-09-23][org.apache.ibatis.datasource.pooled.PooledDataSource]PooledDataSource forcefully closed/removed all connections.
[DEBUG][20-09-23][org.apache.ibatis.datasource.pooled.PooledDataSource]PooledDataSource forcefully closed/removed all connections.
[DEBUG][20-09-23][org.apache.ibatis.transaction.jdbc.JdbcTransaction]Opening JDBC Connection
[DEBUG][20-09-23][org.apache.ibatis.datasource.pooled.PooledDataSource]Created connection 581318631.
[DEBUG][20-09-23][org.apache.ibatis.transaction.jdbc.JdbcTransaction]Setting autocommit to false on JDBC Connection [com.mysql.cj.jdbc.ConnectionImpl@22a637e7]
[DEBUG][20-09-23][cn.yoouu.mapper.UserMapper.getUserList]==>  Preparing: select * from mybatis.user;
[DEBUG][20-09-23][cn.yoouu.mapper.UserMapper.getUserList]==> Parameters:
[DEBUG][20-09-23][cn.yoouu.mapper.UserMapper.getUserList]<==      Total: 3
[DEBUG][20-09-23][org.apache.ibatis.transaction.jdbc.JdbcTransaction]Resetting autocommit to true on JDBC Connection [com.mysql.cj.jdbc.ConnectionImpl@22a637e7]
[DEBUG][20-09-23][org.apache.ibatis.transaction.jdbc.JdbcTransaction]Closing JDBC Connection [com.mysql.cj.jdbc.ConnectionImpl@22a637e7]
[DEBUG][20-09-23][org.apache.ibatis.datasource.pooled.PooledDataSource]Returned connection 581318631 to pool.
[DEBUG][20-09-23][org.apache.ibatis.logging.LogFactory]Logging initialized using 'class org.apache.ibatis.logging.log4j.Log4jImpl' adapter.
[DEBUG][20-09-23][org.apache.ibatis.logging.LogFactory]Logging initialized using 'class org.apache.ibatis.logging.log4j.Log4jImpl' adapter.
[DEBUG][20-09-23][org.apache.ibatis.datasource.pooled.PooledDataSource]PooledDataSource forcefully closed/removed all connections.
[DEBUG][20-09-23][org.apache.ibatis.datasource.pooled.PooledDataSource]PooledDataSource forcefully closed/removed all connections.
[DEBUG][20-09-23][org.apache.ibatis.datasource.pooled.PooledDataSource]PooledDataSource forcefully closed/removed all connections.
[DEBUG][20-09-23][org.apache.ibatis.datasource.pooled.PooledDataSource]PooledDataSource forcefully closed/removed all connections.
[DEBUG][20-09-23][org.apache.ibatis.transaction.jdbc.JdbcTransaction]Opening JDBC Connection
[DEBUG][20-09-23][org.apache.ibatis.datasource.pooled.PooledDataSource]Created connection 581318631.
[DEBUG][20-09-23][org.apache.ibatis.transaction.jdbc.JdbcTransaction]Setting autocommit to false on JDBC Connection [com.mysql.cj.jdbc.ConnectionImpl@22a637e7]
[DEBUG][20-09-23][cn.yoouu.mapper.UserMapper.getUserList]==>  Preparing: select * from mybatis.user;
[DEBUG][20-09-23][cn.yoouu.mapper.UserMapper.getUserList]==> Parameters:
[DEBUG][20-09-23][cn.yoouu.mapper.UserMapper.getUserList]<==      Total: 3
[DEBUG][20-09-23][org.apache.ibatis.transaction.jdbc.JdbcTransaction]Resetting autocommit to true on JDBC Connection [com.mysql.cj.jdbc.ConnectionImpl@22a637e7]
[DEBUG][20-09-23][org.apache.ibatis.transaction.jdbc.JdbcTransaction]Closing JDBC Connection [com.mysql.cj.jdbc.ConnectionImpl@22a637e7]
[DEBUG][20-09-23][org.apache.ibatis.datasource.pooled.PooledDataSource]Returned connection 581318631 to pool.
[DEBUG][20-09-23][org.apache.ibatis.logging.LogFactory]Logging initialized using 'class org.apache.ibatis.logging.log4j.Log4jImpl' adapter.
[DEBUG][20-09-23][org.apache.ibatis.logging.LogFactory]Logging initialized using 'class org.apache.ibatis.logging.log4j.Log4jImpl' adapter.
[DEBUG][20-09-23][org.apache.ibatis.datasource.pooled.PooledDataSource]PooledDataSource forcefully closed/removed all connections.
[DEBUG][20-09-23][org.apache.ibatis.datasource.pooled.PooledDataSource]PooledDataSource forcefully closed/removed all connections.
[DEBUG][20-09-23][org.apache.ibatis.datasource.pooled.PooledDataSource]PooledDataSource forcefully closed/removed all connections.
[DEBUG][20-09-23][org.apache.ibatis.datasource.pooled.PooledDataSource]PooledDataSource forcefully closed/removed all connections.
[DEBUG][20-09-23][org.apache.ibatis.transaction.jdbc.JdbcTransaction]Opening JDBC Connection
[DEBUG][20-09-23][org.apache.ibatis.datasource.pooled.PooledDataSource]Created connection 611572016.
[DEBUG][20-09-23][org.apache.ibatis.transaction.jdbc.JdbcTransaction]Setting autocommit to false on JDBC Connection [com.mysql.cj.jdbc.ConnectionImpl@2473d930]
[DEBUG][20-09-23][cn.yoouu.mapper.UserMapper.getUserLimit]==>  Preparing: select * from mybatis.user limit ?,?
[DEBUG][20-09-23][cn.yoouu.mapper.UserMapper.getUserLimit]==> Parameters: 2(Integer), 1(Integer)
[DEBUG][20-09-23][cn.yoouu.mapper.UserMapper.getUserLimit]<==      Total: 1
[DEBUG][20-09-23][org.apache.ibatis.transaction.jdbc.JdbcTransaction]Resetting autocommit to true on JDBC Connection [com.mysql.cj.jdbc.ConnectionImpl@2473d930]
[DEBUG][20-09-23][org.apache.ibatis.transaction.jdbc.JdbcTransaction]Closing JDBC Connection [com.mysql.cj.jdbc.ConnectionImpl@2473d930]
[DEBUG][20-09-23][org.apache.ibatis.datasource.pooled.PooledDataSource]Returned connection 611572016 to pool.
[DEBUG][20-09-23][org.apache.ibatis.logging.LogFactory]Logging initialized using 'class org.apache.ibatis.logging.log4j.Log4jImpl' adapter.
[DEBUG][20-09-23][org.apache.ibatis.logging.LogFactory]Logging initialized using 'class org.apache.ibatis.logging.log4j.Log4jImpl' adapter.
[DEBUG][20-09-23][org.apache.ibatis.datasource.pooled.PooledDataSource]PooledDataSource forcefully closed/removed all connections.
[DEBUG][20-09-23][org.apache.ibatis.datasource.pooled.PooledDataSource]PooledDataSource forcefully closed/removed all connections.
[DEBUG][20-09-23][org.apache.ibatis.datasource.pooled.PooledDataSource]PooledDataSource forcefully closed/removed all connections.
[DEBUG][20-09-23][org.apache.ibatis.datasource.pooled.PooledDataSource]PooledDataSource forcefully closed/removed all connections.
[DEBUG][20-09-23][org.apache.ibatis.transaction.jdbc.JdbcTransaction]Opening JDBC Connection
[DEBUG][20-09-23][org.apache.ibatis.datasource.pooled.PooledDataSource]Created connection 581318631.
[DEBUG][20-09-23][org.apache.ibatis.transaction.jdbc.JdbcTransaction]Setting autocommit to false on JDBC Connection [com.mysql.cj.jdbc.ConnectionImpl@22a637e7]
[DEBUG][20-09-23][cn.yoouu.mapper.UserMapper.getUserList]==>  Preparing: select * from mybatis.user;
[DEBUG][20-09-23][cn.yoouu.mapper.UserMapper.getUserList]==> Parameters:
[DEBUG][20-09-23][cn.yoouu.mapper.UserMapper.getUserList]<==      Total: 3
[DEBUG][20-09-23][org.apache.ibatis.transaction.jdbc.JdbcTransaction]Resetting autocommit to true on JDBC Connection [com.mysql.cj.jdbc.ConnectionImpl@22a637e7]
[DEBUG][20-09-23][org.apache.ibatis.transaction.jdbc.JdbcTransaction]Closing JDBC Connection [com.mysql.cj.jdbc.ConnectionImpl@22a637e7]
[DEBUG][20-09-23][org.apache.ibatis.datasource.pooled.PooledDataSource]Returned connection 581318631 to pool.
[DEBUG][20-09-23][org.apache.ibatis.logging.LogFactory]Logging initialized using 'class org.apache.ibatis.logging.log4j.Log4jImpl' adapter.
[DEBUG][20-09-23][org.apache.ibatis.logging.LogFactory]Logging initialized using 'class org.apache.ibatis.logging.log4j.Log4jImpl' adapter.
[DEBUG][20-09-23][org.apache.ibatis.datasource.pooled.PooledDataSource]PooledDataSource forcefully closed/removed all connections.
[DEBUG][20-09-23][org.apache.ibatis.datasource.pooled.PooledDataSource]PooledDataSource forcefully closed/removed all connections.
[DEBUG][20-09-23][org.apache.ibatis.datasource.pooled.PooledDataSource]PooledDataSource forcefully closed/removed all connections.
[DEBUG][20-09-23][org.apache.ibatis.datasource.pooled.PooledDataSource]PooledDataSource forcefully closed/removed all connections.
[DEBUG][20-09-23][org.apache.ibatis.transaction.jdbc.JdbcTransaction]Opening JDBC Connection
[DEBUG][20-09-23][org.apache.ibatis.datasource.pooled.PooledDataSource]Created connection 611572016.
[DEBUG][20-09-23][org.apache.ibatis.transaction.jdbc.JdbcTransaction]Setting autocommit to false on JDBC Connection [com.mysql.cj.jdbc.ConnectionImpl@2473d930]
[DEBUG][20-09-23][cn.yoouu.mapper.UserMapper.getUserLimit]==>  Preparing: select * from mybatis.user limit ?,?
[DEBUG][20-09-23][cn.yoouu.mapper.UserMapper.getUserLimit]==> Parameters: null, 1(Integer)
[DEBUG][20-09-23][org.apache.ibatis.logging.LogFactory]Logging initialized using 'class org.apache.ibatis.logging.log4j.Log4jImpl' adapter.
[DEBUG][20-09-23][org.apache.ibatis.logging.LogFactory]Logging initialized using 'class org.apache.ibatis.logging.log4j.Log4jImpl' adapter.
[DEBUG][20-09-23][org.apache.ibatis.datasource.pooled.PooledDataSource]PooledDataSource forcefully closed/removed all connections.
[DEBUG][20-09-23][org.apache.ibatis.datasource.pooled.PooledDataSource]PooledDataSource forcefully closed/removed all connections.
[DEBUG][20-09-23][org.apache.ibatis.datasource.pooled.PooledDataSource]PooledDataSource forcefully closed/removed all connections.
[DEBUG][20-09-23][org.apache.ibatis.datasource.pooled.PooledDataSource]PooledDataSource forcefully closed/removed all connections.
[DEBUG][20-09-23][org.apache.ibatis.transaction.jdbc.JdbcTransaction]Opening JDBC Connection
[DEBUG][20-09-23][org.apache.ibatis.datasource.pooled.PooledDataSource]Created connection 611572016.
[DEBUG][20-09-23][org.apache.ibatis.transaction.jdbc.JdbcTransaction]Setting autocommit to false on JDBC Connection [com.mysql.cj.jdbc.ConnectionImpl@2473d930]
[DEBUG][20-09-23][cn.yoouu.mapper.UserMapper.getUserLimit]==>  Preparing: select * from mybatis.user limit ?,?
[DEBUG][20-09-23][cn.yoouu.mapper.UserMapper.getUserLimit]==> Parameters: 2(Integer), 1(Integer)
[DEBUG][20-09-23][cn.yoouu.mapper.UserMapper.getUserLimit]<==      Total: 1
[DEBUG][20-09-23][org.apache.ibatis.transaction.jdbc.JdbcTransaction]Resetting autocommit to true on JDBC Connection [com.mysql.cj.jdbc.ConnectionImpl@2473d930]
[DEBUG][20-09-23][org.apache.ibatis.transaction.jdbc.JdbcTransaction]Closing JDBC Connection [com.mysql.cj.jdbc.ConnectionImpl@2473d930]
[DEBUG][20-09-23][org.apache.ibatis.datasource.pooled.PooledDataSource]Returned connection 611572016 to pool.
[DEBUG][20-09-23][org.apache.ibatis.logging.LogFactory]Logging initialized using 'class org.apache.ibatis.logging.log4j.Log4jImpl' adapter.
[DEBUG][20-09-23][org.apache.ibatis.logging.LogFactory]Logging initialized using 'class org.apache.ibatis.logging.log4j.Log4jImpl' adapter.
[DEBUG][20-09-23][org.apache.ibatis.datasource.pooled.PooledDataSource]PooledDataSource forcefully closed/removed all connections.
[DEBUG][20-09-23][org.apache.ibatis.datasource.pooled.PooledDataSource]PooledDataSource forcefully closed/removed all connections.
[DEBUG][20-09-23][org.apache.ibatis.datasource.pooled.PooledDataSource]PooledDataSource forcefully closed/removed all connections.
[DEBUG][20-09-23][org.apache.ibatis.datasource.pooled.PooledDataSource]PooledDataSource forcefully closed/removed all connections.
[DEBUG][20-09-23][org.apache.ibatis.transaction.jdbc.JdbcTransaction]Opening JDBC Connection
[DEBUG][20-09-23][org.apache.ibatis.datasource.pooled.PooledDataSource]Created connection 611572016.
[DEBUG][20-09-23][org.apache.ibatis.transaction.jdbc.JdbcTransaction]Setting autocommit to false on JDBC Connection [com.mysql.cj.jdbc.ConnectionImpl@2473d930]
[DEBUG][20-09-23][cn.yoouu.mapper.UserMapper.getUserLimit]==>  Preparing: select * from mybatis.user limit ?,?
[DEBUG][20-09-23][cn.yoouu.mapper.UserMapper.getUserLimit]==> Parameters: 2(Integer), 1(Integer)
[DEBUG][20-09-23][cn.yoouu.mapper.UserMapper.getUserLimit]<==      Total: 1
[DEBUG][20-09-23][org.apache.ibatis.transaction.jdbc.JdbcTransaction]Resetting autocommit to true on JDBC Connection [com.mysql.cj.jdbc.ConnectionImpl@2473d930]
[DEBUG][20-09-23][org.apache.ibatis.transaction.jdbc.JdbcTransaction]Closing JDBC Connection [com.mysql.cj.jdbc.ConnectionImpl@2473d930]
[DEBUG][20-09-23][org.apache.ibatis.datasource.pooled.PooledDataSource]Returned connection 611572016 to pool.
